<?xml version="1.0" encoding="UTF-8"?>
<web-app
    version="3.0"
    xmlns="http://java.sun.com/xml/ns/javaee"
    xmlns:xsi="http://www.w3.org/2001/XMLSchema-instance"
    xmlns:web="http://java.sun.com/xml/ns/javaee/web-app_3_0.xsd"
    xsi:schemaLocation="http://java.sun.com/xml/ns/javaee http://java.sun.com/xml/ns/javaee/web-app_3_0.xsd">

    <display-name>EJB3 Stripes</display-name>

    <filter>
        <description>
            Provides essential configuration and request processing services for the Stripes framework.
        </description>
        <display-name>Stripes Filter</display-name>
        <filter-name>StripesFilter</filter-name>
        <filter-class>net.sourceforge.stripes.controller.StripesFilter</filter-class>
        <init-param>
            <param-name>ActionResolver.Packages</param-name>
            <param-value>com.presenttechnologies.framework.ejb3stripes.presentation.action</param-value>
        </init-param>
        <init-param>
            <param-name>Extension.Packages</param-name>
            <param-value>
                com.presenttechnologies.framework.ejb3stripes.presentation.extension,
                com.samaxes.stripes.inject
            </param-value>
        </init-param>
    </filter>

    <filter-mapping>
        <filter-name>StripesFilter</filter-name>
        <servlet-name>StripesDispatcher</servlet-name>
        <dispatcher>REQUEST</dispatcher>
        <dispatcher>FORWARD</dispatcher>
    </filter-mapping>

    <servlet>
        <servlet-name>StripesDispatcher</servlet-name>
        <servlet-class>net.sourceforge.stripes.controller.DispatcherServlet</servlet-class>
        <load-on-startup>1</load-on-startup>
    </servlet>

    <servlet-mapping>
        <servlet-name>StripesDispatcher</servlet-name>
        <url-pattern>*.action</url-pattern>
    </servlet-mapping>

    <session-config>
        <session-timeout>30</session-timeout>
    </session-config>

    <welcome-file-list>
        <welcome-file>index.jsp</welcome-file>
    </welcome-file-list>
</web-app>
